<?xml version="1.0" encoding="UTF-8"?>
<testsuites>
<testsuite timestamp="2026-02-16T23:59:21" hostname="costantino" package="cover_yosys" id="0" name="default" tests="1" errors="1" failures="0" time="0" skipped="1">
<properties>
<property name="os" value="Linux"/>
<property name="expect" value="PASS"/>
<property name="status" value="ERROR"/>
</properties>
<testcase classname="default" name="build execution" time="0">
<error type="ERROR"/>
</testcase>
<testcase classname="default" name="Property COVER in mealy at mealy.v:38.2-38.26" time="0" type="COVER" location="mealy.v:38.2-38.26" id="_witness_.check_cover_mealy_v_38_5">
<skipped />
</testcase>
<system-out>SBY 23:59:21 [cover_yosys] Removing directory '/home/costantino/Sources/verilog_prog/fsm/mealy/cover_yosys'.
SBY 23:59:21 [cover_yosys] Copy '/home/costantino/Sources/verilog_prog/fsm/mealy/mealy.v' to '/home/costantino/Sources/verilog_prog/fsm/mealy/cover_yosys/src/mealy.v'.
SBY 23:59:21 [cover_yosys] engine_0: smtbmc
SBY 23:59:21 [cover_yosys] base: starting process &quot;cd cover_yosys/src; yosys -ql ../model/design.log ../model/design.ys&quot;
SBY 23:59:21 [cover_yosys] base: finished (returncode=0)
SBY 23:59:21 [cover_yosys] prep: starting process &quot;cd cover_yosys/model; yosys -ql design_prep.log design_prep.ys&quot;
SBY 23:59:21 [cover_yosys] prep: finished (returncode=0)
SBY 23:59:21 [cover_yosys] smt2: starting process &quot;cd cover_yosys/model; yosys -ql design_smt2.log design_smt2.ys&quot;
SBY 23:59:21 [cover_yosys] smt2: finished (returncode=0)
SBY 23:59:21 [cover_yosys] engine_0: starting process &quot;cd cover_yosys; yosys-smtbmc --presat --unroll -c --noprogress -t 20  --append 0 --dump-vcd engine_0/trace%.vcd --dump-yw engine_0/trace%.yw --dump-vlogtb engine_0/trace%_tb.v --dump-smtc engine_0/trace%.smtc model/design_smt2.smt2&quot;
SBY 23:59:21 [cover_yosys] engine_0: ##   0:00:00  Solver: yices
SBY 23:59:21 [cover_yosys] engine_0: ##   0:00:00  SMT Solver 'yices-smt2' not found in path.
SBY 23:59:21 [cover_yosys] engine_0: finished (returncode=1)
SBY 23:59:21 [cover_yosys] ERROR: engine_0: Engine terminated without status.
SBY 23:59:21 [cover_yosys] summary: Elapsed clock time [H:MM:SS (secs)]: 0:00:00 (0)
SBY 23:59:21 [cover_yosys] summary: Elapsed process time [H:MM:SS (secs)]: 0:00:00 (0)
SBY 23:59:21 [cover_yosys] summary: engine_0 (smtbmc) did not return a status
SBY 23:59:21 [cover_yosys] summary: engine_0 did not produce any traces
SBY 23:59:21 [cover_yosys] summary: unreached cover statements:
SBY 23:59:21 [cover_yosys] summary:   mealy._witness_.check_cover_mealy_v_38_5 at mealy.v:38.2-38.26
SBY 23:59:21 [cover_yosys] DONE (ERROR, rc=16)
</system-out>
<system-err>
</system-err>
</testsuite>
</testsuites>
